# JRE version: Java(TM) SE Runtime Environment (11.0.5+10) (build 11.0.5+10-LTS)
# Java VM: Java HotSpot(TM) 64-Bit Server VM (11.0.5+10-LTS, mixed mode, tiered, compressed oops, g1 gc, windows-amd64)
Heap:
 garbage-first heap   total 312320K, used 68384K [0x0000000702600000, 0x0000000800000000)
  region size 1024K, 56 young (57344K), 15 survivors (15360K)
 Metaspace       used 59629K, capacity 61248K, committed 61568K, reserved 1101824K
  class space    used 7644K, capacity 8317K, committed 8396K, reserved 1048576K
GC Heap History (10 events):
Event: 2.693 GC heap before
{Heap before GC invocations=3 (full 0):
 garbage-first heap   total 260096K, used 75452K [0x0000000702600000, 0x0000000800000000)
  region size 1024K, 69 young (70656K), 7 survivors (7168K)
 Metaspace       used 26697K, capacity 27493K, committed 27648K, reserved 1073152K
  class space    used 3218K, capacity 3542K, committed 3584K, reserved 1048576K
}
Event: 2.702 GC heap after
{Heap after GC invocations=4 (full 0):
 garbage-first heap   total 260096K, used 15251K [0x0000000702600000, 0x0000000800000000)
  region size 1024K, 6 young (6144K), 6 survivors (6144K)
 Metaspace       used 26697K, capacity 27493K, committed 27648K, reserved 1073152K
  class space    used 3218K, capacity 3542K, committed 3584K, reserved 1048576K
}
Event: 3.275 GC heap before
{Heap before GC invocations=4 (full 0):
 garbage-first heap   total 260096K, used 103315K [0x0000000702600000, 0x0000000800000000)
  region size 1024K, 93 young (95232K), 6 survivors (6144K)
 Metaspace       used 32843K, capacity 33896K, committed 34048K, reserved 1079296K
  class space    used 3921K, capacity 4318K, committed 4352K, reserved 1048576K
}
Event: 3.283 GC heap after
{Heap after GC invocations=5 (full 0):
 garbage-first heap   total 260096K, used 17205K [0x0000000702600000, 0x0000000800000000)
  region size 1024K, 8 young (8192K), 8 survivors (8192K)
 Metaspace       used 32843K, capacity 33896K, committed 34048K, reserved 1079296K
  class space    used 3921K, capacity 4318K, committed 4352K, reserved 1048576K
}
Event: 3.767 GC heap before
{Heap before GC invocations=5 (full 0):
 garbage-first heap   total 260096K, used 46901K [0x0000000702600000, 0x0000000800000000)
  region size 1024K, 38 young (38912K), 8 survivors (8192K)
 Metaspace       used 34717K, capacity 35770K, committed 35840K, reserved 1081344K
  class space    used 4168K, capacity 4595K, committed 4608K, reserved 1048576K
}
Event: 3.778 GC heap after
{Heap after GC invocations=6 (full 0):
 garbage-first heap   total 260096K, used 17884K [0x0000000702600000, 0x0000000800000000)
  region size 1024K, 9 young (9216K), 9 survivors (9216K)
 Metaspace       used 34717K, capacity 35770K, committed 35840K, reserved 1081344K
  class space    used 4168K, capacity 4595K, committed 4608K, reserved 1048576K
}
Event: 8.813 GC heap before
{Heap before GC invocations=7 (full 0):
 garbage-first heap   total 260096K, used 138716K [0x0000000702600000, 0x0000000800000000)
  region size 1024K, 127 young (130048K), 9 survivors (9216K)
 Metaspace       used 50951K, capacity 52346K, committed 52556K, reserved 1095680K
  class space    used 6305K, capacity 6869K, committed 6988K, reserved 1048576K
}
Event: 8.827 GC heap after
{Heap after GC invocations=8 (full 0):
 garbage-first heap   total 312320K, used 24643K [0x0000000702600000, 0x0000000800000000)
  region size 1024K, 15 young (15360K), 15 survivors (15360K)
 Metaspace       used 50951K, capacity 52346K, committed 52556K, reserved 1095680K
  class space    used 6305K, capacity 6869K, committed 6988K, reserved 1048576K
}
Event: 10.474 GC heap before
{Heap before GC invocations=8 (full 0):
 garbage-first heap   total 312320K, used 81987K [0x0000000702600000, 0x0000000800000000)
  region size 1024K, 72 young (73728K), 15 survivors (15360K)
 Metaspace       used 58738K, capacity 60115K, committed 60288K, reserved 1101824K
  class space    used 7466K, capacity 8028K, committed 8140K, reserved 1048576K
}
Event: 10.498 GC heap after
{Heap after GC invocations=9 (full 0):
 garbage-first heap   total 312320K, used 27424K [0x0000000702600000, 0x0000000800000000)
  region size 1024K, 15 young (15360K), 15 survivors (15360K)
 Metaspace       used 58738K, capacity 60115K, committed 60288K, reserved 1101824K
  class space    used 7466K, capacity 8028K, committed 8140K, reserved 1048576K
}

